#
# A fatal error has been detected by the Java Runtime Environment:
#
#  EXCEPTION_ACCESS_VIOLATION (0xc0000005) at pc=0x000000007006ea26, pid=12724, tid=0x0000000000002730
#
# JRE version: Java(TM) SE Runtime Environment (8.0_101-b13) (build 1.8.0_101-b13)
# Java VM: Java HotSpot(TM) 64-Bit Server VM (25.101-b13 mixed mode windows-amd64 compressed oops)
# Problematic frame:
# V  [jvm.dll+0x8ea26]
#
# Failed to write core dump. Minidumps are not enabled by default on client versions of Windows
#
# If you would like to submit a bug report, please visit:
#   http://bugreport.java.com/bugreport/crash.jsp
#

---------------  T H R E A D  ---------------

Current thread (0x0000000055c27800):  JavaThread "C1 CompilerThread2" daemon [_thread_in_vm, id=10032, stack(0x0000000056a80000,0x0000000056b80000)]

siginfo: ExceptionCode=0xc0000005, reading address 0x0000000000000008

Registers:
RAX=0x00000000037dac10, RBX=0x0000000002207e40, RCX=0x00000000037dac10, RDX=0x0000000000000000
RSP=0x0000000056b7f850, RBP=0x0000000056b7f909, RSI=0x00000000037da550, RDI=0x00000000037dac10
R8 =0x0000000002207e40, R9 =0x00000000028a0000, R10=0x00000000037d7570, R11=0x0000000000000000
R12=0x0000000000000172, R13=0x0000000000000173, R14=0x0000000000000000, R15=0x00000000000002a5
RIP=0x000000007006ea26, EFLAGS=0x0000000000010202

Top of Stack: (sp=0x0000000056b7f850)
0x0000000056b7f850:   0000000000028310 00000000020a9080
0x0000000056b7f860:   0000000056b7f909 00000000037da190
0x0000000056b7f870:   000000000220e680 000000007021ac5e
0x0000000056b7f880:   000000000220e680 0000000056b7f909
0x0000000056b7f890:   00000000037da550 000000000220e680
0x0000000056b7f8a0:   0000000000000000 000000000000487b
0x0000000056b7f8b0:   000000005e8c1ef0 000000005a6e2190
0x0000000056b7f8c0:   000000005a6e21e0 000000005a6e5b80
0x0000000056b7f8d0:   0000000000000000 0000000000000000
0x0000000056b7f8e0:   0000000000000000 0000000057d22c20
0x0000000056b7f8f0:   0000000000000000 0000000000000000
0x0000000056b7f900:   0000000000000000 0001010100000000
0x0000000056b7f910:   0000005e7164cf6a 00001c7c8c00b6a0
0x0000000056b7f920:   0000000055c33a60 0000000000000000
0x0000000056b7f930:   0000000000000000 0000000000000000
0x0000000056b7f940:   00000000705d22d8 0000000055c0c6a0 

Instructions: (pc=0x000000007006ea26)
0x000000007006ea06:   00 48 8b cb 48 8b d0 e8 be 26 05 00 48 8b f8 48
0x000000007006ea16:   85 c0 74 51 66 0f 1f 44 00 00 48 8b 17 48 8b cf
0x000000007006ea26:   ff 52 08 84 c0 75 3b 48 8b 1d 34 56 76 00 48 8b
0x000000007006ea36:   d7 48 8b cb e8 d1 1f 05 00 48 8b cb 48 8b d0 e8 


Register to memory mapping:

RAX=0x00000000037dac10 is an unknown value
RBX=0x0000000002207e40 is an unknown value
RCX=0x00000000037dac10 is an unknown value
RDX=0x0000000000000000 is an unknown value
RSP=0x0000000056b7f850 is pointing into the stack for thread: 0x0000000055c27800
RBP=0x0000000056b7f909 is pointing into the stack for thread: 0x0000000055c27800
RSI=0x00000000037da550 is at entry_point+-400 in (nmethod*)0x00000000037da550
RDI=0x00000000037dac10 is an unknown value
R8 =0x0000000002207e40 is an unknown value
R9 =0x00000000028a0000 is an unknown value
R10=0x00000000037d7570 is at entry_point+-624 in (nmethod*)0x00000000037d7450
R11=0x0000000000000000 is an unknown value
R12=0x0000000000000172 is an unknown value
R13=0x0000000000000173 is an unknown value
R14=0x0000000000000000 is an unknown value
R15=0x00000000000002a5 is an unknown value


Stack: [0x0000000056a80000,0x0000000056b80000],  sp=0x0000000056b7f850,  free space=1022k
Native frames: (J=compiled Java code, j=interpreted, Vv=VM code, C=native code)
V  [jvm.dll+0x8ea26]
V  [jvm.dll+0x23ac5e]
V  [jvm.dll+0x23afcc]
V  [jvm.dll+0xa5cc7]
V  [jvm.dll+0xa5fa0]
V  [jvm.dll+0x2451a4]
V  [jvm.dll+0x29c18a]
C  [msvcr100.dll+0x21d9f]
C  [msvcr100.dll+0x21e3b]
C  [kernel32.dll+0x1556d]
C  [ntdll.dll+0x5385d]


---------------  P R O C E S S  ---------------

Java Threads: ( => current thread )
  0x0000000059b54800 JavaThread "http-bio-8080-exec-3" daemon [_thread_in_Java, id=13392, stack(0x00000000612b0000,0x00000000613b0000)]
  0x0000000059b55000 JavaThread "http-bio-8080-exec-2" daemon [_thread_blocked, id=12836, stack(0x0000000056960000,0x0000000056a60000)]
  0x0000000059b53800 JavaThread "http-bio-8080-exec-1" daemon [_thread_blocked, id=11912, stack(0x00000000672c0000,0x00000000673c0000)]
  0x0000000059b53000 JavaThread "http-bio-8080-AsyncTimeout" daemon [_thread_blocked, id=2356, stack(0x0000000066e10000,0x0000000066f10000)]
  0x000000005e4f8000 JavaThread "http-bio-8080-Acceptor-0" daemon [_thread_in_native, id=10264, stack(0x0000000064ed0000,0x0000000064fd0000)]
  0x000000005a9d9800 JavaThread "ContainerBackgroundProcessor[StandardEngine[Tomcat]]" daemon [_thread_blocked, id=5552, stack(0x00000000622d0000,0x00000000623d0000)]
  0x000000005e4f5000 JavaThread "Hibernate Search sync consumer thread for index org.openmrs.PatientIdentifier" daemon [_thread_blocked, id=6464, stack(0x0000000065f00000,0x0000000066000000)]
  0x000000005e4f5800 JavaThread "Hibernate Search sync consumer thread for index org.openmrs.ConceptName" daemon [_thread_blocked, id=11564, stack(0x0000000065970000,0x0000000065a70000)]
  0x000000005e4f2800 JavaThread "Hibernate Search sync consumer thread for index org.openmrs.Drug" daemon [_thread_blocked, id=4612, stack(0x0000000064b60000,0x0000000064c60000)]
  0x000000005e4f3800 JavaThread "Hibernate Search sync consumer thread for index org.openmrs.ConceptComplex" daemon [_thread_blocked, id=10176, stack(0x0000000063050000,0x0000000063150000)]
  0x000000005e3a5800 JavaThread "Hibernate Search sync consumer thread for index org.openmrs.ConceptNumeric" daemon [_thread_blocked, id=11328, stack(0x00000000623d0000,0x00000000624d0000)]
  0x000000005e3a4800 JavaThread "Hibernate Search sync consumer thread for index org.openmrs.PersonAttribute" daemon [_thread_blocked, id=12684, stack(0x00000000621a0000,0x00000000622a0000)]
  0x000000005e3a4000 JavaThread "Hibernate Search sync consumer thread for index org.openmrs.PersonName" daemon [_thread_blocked, id=11580, stack(0x0000000062000000,0x0000000062100000)]
  0x000000005e3a2800 JavaThread "Statistics Thread-hibernateCache-1" daemon [_thread_blocked, id=13064, stack(0x00000000636f0000,0x00000000637f0000)]
  0x000000005e3a1800 JavaThread "hibernateCache" daemon [_thread_blocked, id=11272, stack(0x0000000063a00000,0x0000000063b00000)]
  0x000000005e3a1000 JavaThread "C3P0PooledConnectionPoolManager[identityToken->1jegt4ca4csuag31itz6yh|9d96f90]-HelperThread-#2" daemon [_thread_blocked, id=7144, stack(0x00000000613f0000,0x00000000614f0000)]
  0x000000005e3a0000 JavaThread "C3P0PooledConnectionPoolManager[identityToken->1jegt4ca4csuag31itz6yh|9d96f90]-HelperThread-#1" daemon [_thread_blocked, id=6096, stack(0x0000000063350000,0x0000000063450000)]
  0x000000005e39e800 JavaThread "C3P0PooledConnectionPoolManager[identityToken->1jegt4ca4csuag31itz6yh|9d96f90]-HelperThread-#0" daemon [_thread_blocked, id=8776, stack(0x000000005f010000,0x000000005f110000)]
  0x000000005a9d3800 JavaThread "C3P0PooledConnectionPoolManager[identityToken->1jegt4ca4csuag31itz6yh|9d96f90]-AdminTaskTimer" daemon [_thread_blocked, id=11004, stack(0x0000000062d50000,0x0000000062e50000)]
  0x000000005a9d8800 JavaThread "Statistics Thread-apiCache-1" daemon [_thread_blocked, id=8640, stack(0x0000000061e20000,0x0000000061f20000)]
  0x000000005a9d8000 JavaThread "apiCache" daemon [_thread_blocked, id=5704, stack(0x00000000619f0000,0x0000000061af0000)]
  0x000000005e39f800 JavaThread "org.azeckoski.reflectutils.refmap.Finalizer" daemon [_thread_blocked, id=1216, stack(0x00000000631f0000,0x00000000632f0000)]
  0x000000005e4f1000 JavaThread "Abandoned connection cleanup thread" daemon [_thread_blocked, id=11704, stack(0x000000005d970000,0x000000005da70000)]
  0x0000000059a7a000 JavaThread "Abandoned connection cleanup thread" daemon [_thread_blocked, id=13196, stack(0x000000005c510000,0x000000005c610000)]
  0x0000000057c4b800 JavaThread "Thread-2" daemon [_thread_blocked, id=5320, stack(0x000000005d850000,0x000000005d950000)]
  0x0000000055c66800 JavaThread "Service Thread" daemon [_thread_blocked, id=11056, stack(0x0000000056480000,0x0000000056580000)]
=>0x0000000055c27800 JavaThread "C1 CompilerThread2" daemon [_thread_in_vm, id=10032, stack(0x0000000056a80000,0x0000000056b80000)]
  0x0000000055bf2000 JavaThread "C2 CompilerThread1" daemon [_thread_blocked, id=12716, stack(0x0000000056730000,0x0000000056830000)]
  0x0000000055bef800 JavaThread "C2 CompilerThread0" daemon [_thread_blocked, id=9172, stack(0x0000000056830000,0x0000000056930000)]
  0x0000000055be0800 JavaThread "JDWP Event Helper Thread" daemon [_thread_blocked, id=11336, stack(0x0000000056590000,0x0000000056690000)]
  0x0000000055bd5800 JavaThread "JDWP Transport Listener: dt_socket" daemon [_thread_in_native, id=13268, stack(0x00000000562a0000,0x00000000563a0000)]
  0x000000005483a800 JavaThread "Attach Listener" daemon [_thread_blocked, id=5324, stack(0x0000000056190000,0x0000000056290000)]
  0x0000000054839800 JavaThread "Signal Dispatcher" daemon [_thread_blocked, id=3364, stack(0x0000000056080000,0x0000000056180000)]
  0x000000005481e800 JavaThread "Finalizer" daemon [_thread_blocked, id=3300, stack(0x0000000055ad0000,0x0000000055bd0000)]
  0x00000000547d7800 JavaThread "Reference Handler" daemon [_thread_blocked, id=8768, stack(0x00000000558e0000,0x00000000559e0000)]
  0x000000000220f800 JavaThread "main" [_thread_blocked, id=10276, stack(0x00000000024d0000,0x00000000025d0000)]

Other Threads:
  0x00000000547d0800 VMThread [stack: 0x00000000557c0000,0x00000000558c0000] [id=12664]
  0x0000000055c8e800 WatcherThread [stack: 0x0000000056c90000,0x0000000056d90000] [id=1548]

VM state:not at safepoint (normal execution)

VM Mutex/Monitor currently owned by a thread:  ([mutex/lock_event])
[0x000000000220e680] CodeCache_lock - owner thread: 0x0000000055c27800

Heap:
 PSYoungGen      total 231936K, used 209132K [0x00000000f0000000, 0x00000000fff00000, 0x0000000100000000)
  eden space 203264K, 95% used [0x00000000f0000000,0x00000000fbdb8810,0x00000000fc680000)
  from space 28672K, 51% used [0x00000000fe280000,0x00000000ff102a20,0x00000000ffe80000)
  to   space 28672K, 0% used [0x00000000fc680000,0x00000000fc680000,0x00000000fe280000)
 ParOldGen       total 158720K, used 118205K [0x00000000d0000000, 0x00000000d9b00000, 0x00000000f0000000)
  object space 158720K, 74% used [0x00000000d0000000,0x00000000d736f4c0,0x00000000d9b00000)
 Metaspace       used 99526K, capacity 101516K, committed 101804K, reserved 1138688K
  class space    used 11187K, capacity 11677K, committed 11692K, reserved 1048576K

Card table byte_map: [0x0000000011c60000,0x0000000011df0000] byte_map_base: 0x00000000115e0000

Marking Bits: (ParMarkBitMap*) 0x00000000707fa6d0
 Begin Bits: [0x00000000124c0000, 0x00000000130c0000)
 End Bits:   [0x00000000130c0000, 0x0000000013cc0000)

Polling page: 0x0000000000350000

CodeCache: size=245760Kb used=40789Kb max_used=41602Kb free=204970Kb
 bounds [0x00000000028a0000, 0x00000000051a0000, 0x00000000118a0000]
 total_blobs=11489 nmethods=10829 adapters=577
 compilation: enabled

Compilation events (10 events):
Event: 160231.947 Thread 0x0000000055c27800 13895       1       org.hibernate.loader.plan.exec.process.internal.ResultSetProcessingContextImpl::getLoadPlan (5 bytes)
Event: 160231.948 Thread 0x0000000055c27800 nmethod 13895 0x00000000033a63d0 code [0x00000000033a6520, 0x00000000033a6630]
Event: 160231.977 Thread 0x0000000055bef800 13903       4       org.hibernate.type.AbstractStandardBasicType::isDirty (21 bytes)
Event: 160231.978 Thread 0x0000000055bf2000 13904   !   4       org.hibernate.property.BasicPropertyAccessor$BasicGetter::get (95 bytes)
Event: 160231.979 Thread 0x0000000055bef800 nmethod 13903 0x0000000004ad74d0 code [0x0000000004ad7620, 0x0000000004ad7758]
Event: 160231.979 Thread 0x0000000055bef800 13906       4       org.hibernate.persister.entity.AbstractEntityPersister::isVersioned (8 bytes)
Event: 160231.984 Thread 0x0000000055c27800 13907       1       sun.security.provider.SHA5::lf_S (11 bytes)
Event: 160231.987 Thread 0x0000000055c27800 nmethod 13907 0x0000000003535210 code [0x0000000003535360, 0x0000000003535470]
Event: 160231.991 Thread 0x0000000055bef800 nmethod 13906 0x0000000002dfe190 code [0x0000000002dfe2c0, 0x0000000002dfe358]
Event: 160232.011 Thread 0x0000000055bf2000 nmethod 13904 0x000000000407d3d0 code [0x000000000407d580, 0x000000000407dba8]

GC Heap History (10 events):
Event: 191.157 GC heap before
{Heap before GC invocations=40 (full 4):
 PSYoungGen      total 230400K, used 206543K [0x00000000f0000000, 0x00000000fff80000, 0x0000000100000000)
  eden space 198656K, 100% used [0x00000000f0000000,0x00000000fc200000,0x00000000fc200000)
  from space 31744K, 24% used [0x00000000fc200000,0x00000000fc9b3d30,0x00000000fe100000)
  to   space 31232K, 0% used [0x00000000fe100000,0x00000000fe100000,0x00000000fff80000)
 ParOldGen       total 158720K, used 106420K [0x00000000d0000000, 0x00000000d9b00000, 0x00000000f0000000)
  object space 158720K, 67% used [0x00000000d0000000,0x00000000d67ed300,0x00000000d9b00000)
 Metaspace       used 82698K, capacity 84334K, committed 84396K, reserved 1124352K
  class space    used 9469K, capacity 9848K, committed 9900K, reserved 1048576K
Event: 191.170 GC heap after
Heap after GC invocations=40 (full 4):
 PSYoungGen      total 229376K, used 5205K [0x00000000f0000000, 0x00000000ffe80000, 0x0000000100000000)
  eden space 199168K, 0% used [0x00000000f0000000,0x00000000f0000000,0x00000000fc280000)
  from space 30208K, 17% used [0x00000000fe100000,0x00000000fe6156c8,0x00000000ffe80000)
  to   space 30720K, 0% used [0x00000000fc280000,0x00000000fc280000,0x00000000fe080000)
 ParOldGen       total 158720K, used 112053K [0x00000000d0000000, 0x00000000d9b00000, 0x00000000f0000000)
  object space 158720K, 70% used [0x00000000d0000000,0x00000000d6d6d7a0,0x00000000d9b00000)
 Metaspace       used 82698K, capacity 84334K, committed 84396K, reserved 1124352K
  class space    used 9469K, capacity 9848K, committed 9900K, reserved 1048576K
}
Event: 192.498 GC heap before
{Heap before GC invocations=41 (full 4):
 PSYoungGen      total 229376K, used 204373K [0x00000000f0000000, 0x00000000ffe80000, 0x0000000100000000)
  eden space 199168K, 100% used [0x00000000f0000000,0x00000000fc280000,0x00000000fc280000)
  from space 30208K, 17% used [0x00000000fe100000,0x00000000fe6156c8,0x00000000ffe80000)
  to   space 30720K, 0% used [0x00000000fc280000,0x00000000fc280000,0x00000000fe080000)
 ParOldGen       total 158720K, used 112053K [0x00000000d0000000, 0x00000000d9b00000, 0x00000000f0000000)
  object space 158720K, 70% used [0x00000000d0000000,0x00000000d6d6d7a0,0x00000000d9b00000)
 Metaspace       used 83183K, capacity 84880K, committed 85036K, reserved 1124352K
  class space    used 9562K, capacity 9955K, committed 10028K, reserved 1048576K
Event: 192.509 GC heap after
Heap after GC invocations=41 (full 4):
 PSYoungGen      total 229888K, used 3638K [0x00000000f0000000, 0x00000000fff80000, 0x0000000100000000)
  eden space 199168K, 0% used [0x00000000f0000000,0x00000000f0000000,0x00000000fc280000)
  from space 30720K, 11% used [0x00000000fc280000,0x00000000fc60db88,0x00000000fe080000)
  to   space 30208K, 0% used [0x00000000fe200000,0x00000000fe200000,0x00000000fff80000)
 ParOldGen       total 158720K, used 116398K [0x00000000d0000000, 0x00000000d9b00000, 0x00000000f0000000)
  object space 158720K, 73% used [0x00000000d0000000,0x00000000d71ab890,0x00000000d9b00000)
 Metaspace       used 83183K, capacity 84880K, committed 85036K, reserved 1124352K
  class space    used 9562K, capacity 9955K, committed 10028K, reserved 1048576K
}
Event: 193.123 GC heap before
{Heap before GC invocations=42 (full 4):
 PSYoungGen      total 229888K, used 202806K [0x00000000f0000000, 0x00000000fff80000, 0x0000000100000000)
  eden space 199168K, 100% used [0x00000000f0000000,0x00000000fc280000,0x00000000fc280000)
  from space 30720K, 11% used [0x00000000fc280000,0x00000000fc60db88,0x00000000fe080000)
  to   space 30208K, 0% used [0x00000000fe200000,0x00000000fe200000,0x00000000fff80000)
 ParOldGen       total 158720K, used 116398K [0x00000000d0000000, 0x00000000d9b00000, 0x00000000f0000000)
  object space 158720K, 73% used [0x00000000d0000000,0x00000000d71ab890,0x00000000d9b00000)
 Metaspace       used 83518K, capacity 85232K, committed 85292K, reserved 1124352K
  class space    used 9614K, capacity 9987K, committed 10028K, reserved 1048576K
Event: 193.142 GC heap after
Heap after GC invocations=42 (full 4):
 PSYoungGen      total 230400K, used 5033K [0x00000000f0000000, 0x00000000ffe80000, 0x0000000100000000)
  eden space 201216K, 0% used [0x00000000f0000000,0x00000000f0000000,0x00000000fc480000)
  from space 29184K, 17% used [0x00000000fe200000,0x00000000fe6ea478,0x00000000ffe80000)
  to   space 29696K, 0% used [0x00000000fc480000,0x00000000fc480000,0x00000000fe180000)
 ParOldGen       total 158720K, used 118125K [0x00000000d0000000, 0x00000000d9b00000, 0x00000000f0000000)
  object space 158720K, 74% used [0x00000000d0000000,0x00000000d735b4c0,0x00000000d9b00000)
 Metaspace       used 83518K, capacity 85232K, committed 85292K, reserved 1124352K
  class space    used 9614K, capacity 9987K, committed 10028K, reserved 1048576K
}
Event: 194.236 GC heap before
{Heap before GC invocations=43 (full 4):
 PSYoungGen      total 230400K, used 206249K [0x00000000f0000000, 0x00000000ffe80000, 0x0000000100000000)
  eden space 201216K, 100% used [0x00000000f0000000,0x00000000fc480000,0x00000000fc480000)
  from space 29184K, 17% used [0x00000000fe200000,0x00000000fe6ea478,0x00000000ffe80000)
  to   space 29696K, 0% used [0x00000000fc480000,0x00000000fc480000,0x00000000fe180000)
 ParOldGen       total 158720K, used 118125K [0x00000000d0000000, 0x00000000d9b00000, 0x00000000f0000000)
  object space 158720K, 74% used [0x00000000d0000000,0x00000000d735b4c0,0x00000000d9b00000)
 Metaspace       used 83605K, capacity 85424K, committed 85676K, reserved 1124352K
  class space    used 9635K, capacity 10051K, committed 10156K, reserved 1048576K
Event: 194.260 GC heap after
Heap after GC invocations=43 (full 4):
 PSYoungGen      total 230912K, used 6002K [0x00000000f0000000, 0x00000000ffe80000, 0x0000000100000000)
  eden space 201216K, 0% used [0x00000000f0000000,0x00000000f0000000,0x00000000fc480000)
  from space 29696K, 20% used [0x00000000fc480000,0x00000000fca5c9a8,0x00000000fe180000)
  to   space 28672K, 0% used [0x00000000fe280000,0x00000000fe280000,0x00000000ffe80000)
 ParOldGen       total 158720K, used 118165K [0x00000000d0000000, 0x00000000d9b00000, 0x00000000f0000000)
  object space 158720K, 74% used [0x00000000d0000000,0x00000000d73654c0,0x00000000d9b00000)
 Metaspace       used 83605K, capacity 85424K, committed 85676K, reserved 1124352K
  class space    used 9635K, capacity 10051K, committed 10156K, reserved 1048576K
}
Event: 195.074 GC heap before
{Heap before GC invocations=44 (full 4):
 PSYoungGen      total 230912K, used 207218K [0x00000000f0000000, 0x00000000ffe80000, 0x0000000100000000)
  eden space 201216K, 100% used [0x00000000f0000000,0x00000000fc480000,0x00000000fc480000)
  from space 29696K, 20% used [0x00000000fc480000,0x00000000fca5c9a8,0x00000000fe180000)
  to   space 28672K, 0% used [0x00000000fe280000,0x00000000fe280000,0x00000000ffe80000)
 ParOldGen       total 158720K, used 118165K [0x00000000d0000000, 0x00000000d9b00000, 0x00000000f0000000)
  object space 158720K, 74% used [0x00000000d0000000,0x00000000d73654c0,0x00000000d9b00000)
 Metaspace       used 88637K, capacity 90492K, committed 90796K, reserved 1130496K
  class space    used 10078K, capacity 10565K, committed 10668K, reserved 1048576K
Event: 195.084 GC heap after
Heap after GC invocations=44 (full 4):
 PSYoungGen      total 231936K, used 14858K [0x00000000f0000000, 0x00000000fff00000, 0x0000000100000000)
  eden space 203264K, 0% used [0x00000000f0000000,0x00000000f0000000,0x00000000fc680000)
  from space 28672K, 51% used [0x00000000fe280000,0x00000000ff102a20,0x00000000ffe80000)
  to   space 28672K, 0% used [0x00000000fc680000,0x00000000fc680000,0x00000000fe280000)
 ParOldGen       total 158720K, used 118205K [0x00000000d0000000, 0x00000000d9b00000, 0x00000000f0000000)
  object space 158720K, 74% used [0x00000000d0000000,0x00000000d736f4c0,0x00000000d9b00000)
 Metaspace       used 88637K, capacity 90492K, committed 90796K, reserved 1130496K
  class space    used 10078K, capacity 10565K, committed 10668K, reserved 1048576K
}

Deoptimization events (10 events):
Event: 241.678 Thread 0x0000000059b53800 Uncommon trap: reason=speculate_class_check action=maybe_recompile pc=0x00000000038519ac method=java.util.ResourceBundle.getObject(Ljava/lang/String;)Ljava/lang/Object; @ 2
Event: 241.736 Thread 0x0000000059b53800 Uncommon trap: reason=class_check action=maybe_recompile pc=0x00000000033dd35c method=java.text.MessageFormat.subformat([Ljava/lang/Object;Ljava/lang/StringBuffer;Ljava/text/FieldPosition;Ljava/util/List;)Ljava/lang/StringBuffer; @ 234
Event: 241.737 Thread 0x0000000059b53800 Uncommon trap: reason=class_check action=maybe_recompile pc=0x00000000033dd35c method=java.text.MessageFormat.subformat([Ljava/lang/Object;Ljava/lang/StringBuffer;Ljava/text/FieldPosition;Ljava/util/List;)Ljava/lang/StringBuffer; @ 234
Event: 241.742 Thread 0x0000000059b53800 Uncommon trap: reason=unstable_if action=reinterpret pc=0x0000000002dc9d40 method=java.lang.reflect.Method.equals(Ljava/lang/Object;)Z @ 1
Event: 241.744 Thread 0x0000000059b53800 Uncommon trap: reason=class_check action=maybe_recompile pc=0x00000000033dd35c method=java.text.MessageFormat.subformat([Ljava/lang/Object;Ljava/lang/StringBuffer;Ljava/text/FieldPosition;Ljava/util/List;)Ljava/lang/StringBuffer; @ 234
Event: 241.745 Thread 0x0000000059b53800 Uncommon trap: reason=class_check action=maybe_recompile pc=0x00000000033dd35c method=java.text.MessageFormat.subformat([Ljava/lang/Object;Ljava/lang/StringBuffer;Ljava/text/FieldPosition;Ljava/util/List;)Ljava/lang/StringBuffer; @ 234
Event: 241.860 Thread 0x0000000059b53800 Uncommon trap: reason=unstable_if action=reinterpret pc=0x0000000004fca400 method=java.lang.Class.argumentTypesToString([Ljava/lang/Class;)Ljava/lang/String; @ 16
Event: 241.862 Thread 0x0000000059b53800 Uncommon trap: reason=unstable_if action=reinterpret pc=0x000000000516f040 method=java.io.BufferedReader.readLine(Z)Ljava/lang/String; @ 192
Event: 241.862 Thread 0x0000000059b53800 Uncommon trap: reason=unstable_if action=reinterpret pc=0x0000000003b74258 method=java.lang.AbstractStringBuilder.append([CII)Ljava/lang/AbstractStringBuilder; @ 1
Event: 160231.638 Thread 0x0000000059b54800 Uncommon trap: reason=unstable_if action=reinterpret pc=0x000000000433ed6c method=java.util.concurrent.ConcurrentLinkedQueue.first()Ljava/util/concurrent/ConcurrentLinkedQueue$Node; @ 11

Internal exceptions (10 events):
Event: 241.719 Thread 0x0000000059b53800 Exception <a 'java/lang/ClassNotFoundException': org/openmrs/BaseOpenmrsMetadataBeanInfo> (0x00000000f8d47960) thrown at [C:\re\workspace\8-2-build-windows-amd64-cygwin\jdk8u101\7261\hotspot\src\share\vm\classfile\systemDictionary.cpp, line 210]
Event: 241.721 Thread 0x0000000059b53800 Exception <a 'java/lang/ClassNotFoundException': org/openmrs/BaseOpenmrsMetadataCustomizer> (0x00000000f8d75d90) thrown at [C:\re\workspace\8-2-build-windows-amd64-cygwin\jdk8u101\7261\hotspot\src\share\vm\classfile\systemDictionary.cpp, line 210]
Event: 241.723 Thread 0x0000000059b53800 Exception <a 'java/lang/ClassNotFoundException': org/openmrs/module/hydra/model/workflow/HydramoduleWorkflowCustomizer> (0x00000000f8df1d50) thrown at [C:\re\workspace\8-2-build-windows-amd64-cygwin\jdk8u101\7261\hotspot\src\share\vm\classfile\systemDictio°ûÙ‘+7n@
Event: 241.724 Thread 0x0000000059b53800 Exception <a 'java/lang/reflect/InvocationTargetException'> (0x00000000f8e05288) thrown at [C:\re\workspace\8-2-build-windows-amd64-cygwin\jdk8u101\7261\hotspot\src\share\vm\runtime\reflection.cpp, line 1092]
Event: 241.736 Thread 0x0000000059b53800 Exception <a 'java/lang/reflect/InvocationTargetException'> (0x00000000f9086830) thrown at [C:\re\workspace\8-2-build-windows-amd64-cygwin\jdk8u101\7261\hotspot\src\share\vm\runtime\reflection.cpp, line 1092]
Event: 241.742 Thread 0x0000000059b53800 Implicit null exception at 0x0000000002dc9c7f to 0x0000000002dc9d2d
Event: 241.743 Thread 0x0000000059b53800 Exception <a 'java/lang/reflect/InvocationTargetException'> (0x00000000f90f2cf0) thrown at [C:\re\workspace\8-2-build-windows-amd64-cygwin\jdk8u101\7261\hotspot\src\share\vm\runtime\reflection.cpp, line 1092]
Event: 241.744 Thread 0x0000000059b53800 Exception <a 'java/lang/reflect/InvocationTargetException'> (0x00000000f9159688) thrown at [C:\re\workspace\8-2-build-windows-amd64-cygwin\jdk8u101\7261\hotspot\src\share\vm\runtime\reflection.cpp, line 1092]
Event: 241.746 Thread 0x0000000059b53800 Exception <a 'java/lang/reflect/InvocationTargetException'> (0x00000000f91c6bd0) thrown at [C:\re\workspace\8-2-build-windows-amd64-cygwin\jdk8u101\7261\hotspot\src\share\vm\runtime\reflection.cpp, line 1092]
Event: 241.860 Thread 0x0000000059b53800 Implicit null exception at 0x0000000004fc754e to 0x0000000004fca3e9

Events (10 events):
Event: 160231.825 Executing VM operation: RevokeBias
Event: 160231.826 Executing VM operation: RevokeBias done
Event: 160231.831 Executing VM operation: RevokeBias
Event: 160231.831 Executing VM operation: RevokeBias done
Event: 160231.833 Executing VM operation: RevokeBias
Event: 160231.834 Executing VM operation: RevokeBias done
Event: 160231.882 Executing VM operation: RevokeBias
Event: 160231.883 Executing VM operation: RevokeBias done
Event: 160231.941 Thread 0x0000000055c27800 flushing nmethod 0x00000000033a6210
Event: 160231.967 Thread 0x0000000055c27800 flushing nmethod 0x0000000003535110


Dynamic libraries:
0x000000013fb30000 - 0x000000013fb67000 	C:\Program Files\Java\jdk1.8.0_101\bin\java.exe
0x0000000077bd0000 - 0x0000000077d6f000 	C:\Windows\SYSTEM32\ntdll.dll
0x0000000077ab0000 - 0x0000000077bcf000 	C:\Windows\system32\kernel32.dll
0x000007fefd7c0000 - 0x000007fefd827000 	C:\Windows\system32\KERNELBASE.dll
0x000007fefdd60000 - 0x000007fefde3b000 	C:\Windows\system32\ADVAPI32.dll
0x000007fefdc70000 - 0x000007fefdd0f000 	C:\Windows\system32\msvcrt.dll
0x000007feff7d0000 - 0x000007feff7ef000 	C:\Windows\SYSTEM32\sechost.dll
0x000007fefe160000 - 0x000007fefe28c000 	C:\Windows\system32\RPCRT4.dll
0x00000000779b0000 - 0x0000000077aaa000 	C:\Windows\system32\USER32.dll
0x000007feffad0000 - 0x000007feffb37000 	C:\Windows\system32\GDI32.dll
0x000007fefe7c0000 - 0x000007fefe7ce000 	C:\Windows\system32\LPK.dll
0x000007fefe940000 - 0x000007fefea0b000 	C:\Windows\system32\USP10.dll
0x000007fefbc20000 - 0x000007fefbe15000 	C:\Windows\WinSxS\amd64_microsoft.windows.common-controls_6595b64144ccf1df_6.0.7601.24483_none_e372d88f30fbb845\COMCTL32.dll
0x000007fefde40000 - 0x000007fefdeb1000 	C:\Windows\system32\SHLWAPI.dll
0x000007fefea10000 - 0x000007fefea3e000 	C:\Windows\system32\IMM32.DLL
0x000007fefe7d0000 - 0x000007fefe8d9000 	C:\Windows\system32\MSCTF.dll
0x0000000067660000 - 0x0000000067732000 	C:\Program Files\Java\jdk1.8.0_101\jre\bin\msvcr100.dll
0x000000006ffe0000 - 0x000000007087a000 	C:\Program Files\Java\jdk1.8.0_101\jre\bin\server\jvm.dll
0x000007fef67f0000 - 0x000007fef67f9000 	C:\Windows\system32\WSOCK32.dll
0x000007fefdd10000 - 0x000007fefdd5d000 	C:\Windows\system32\WS2_32.dll
0x000007feffeb0000 - 0x000007feffeb8000 	C:\Windows\system32\NSI.dll
0x000007fefb7a0000 - 0x000007fefb7db000 	C:\Windows\system32\WINMM.dll
0x000007fefc790000 - 0x000007fefc79c000 	C:\Windows\system32\VERSION.dll
0x0000000077d70000 - 0x0000000077d77000 	C:\Windows\system32\PSAPI.DLL
0x0000000000340000 - 0x000000000034f000 	C:\Program Files\Java\jdk1.8.0_101\jre\bin\verify.dll
0x000000006d1e0000 - 0x000000006d209000 	C:\Program Files\Java\jdk1.8.0_101\jre\bin\java.dll
0x0000000074fe0000 - 0x0000000075015000 	C:\Program Files\Java\jdk1.8.0_101\jre\bin\jdwp.dll
0x0000000074fd0000 - 0x0000000074fd8000 	C:\Program Files\Java\jdk1.8.0_101\jre\bin\npt.dll
0x0000000000380000 - 0x0000000000396000 	C:\Program Files\Java\jdk1.8.0_101\jre\bin\zip.dll
0x000007fefea40000 - 0x000007feff7cb000 	C:\Windows\system32\SHELL32.dll
0x000007fefdf60000 - 0x000007fefe15f000 	C:\Windows\system32\ole32.dll
0x000007fefd720000 - 0x000007fefd72f000 	C:\Windows\system32\profapi.dll
0x0000000074f70000 - 0x0000000074f79000 	C:\Program Files\Java\jdk1.8.0_101\jre\bin\dt_socket.dll
0x000007fefcea0000 - 0x000007fefcef5000 	C:\Windows\system32\mswsock.dll
0x000007fefc8d0000 - 0x000007fefc8d7000 	C:\Windows\System32\wshtcpip.dll
0x000007fefb030000 - 0x000007fefb03a000 	C:\opt\apache-maven-3.6.1\lib\jansi-native\windows64\jansi.dll
0x000000006f9c0000 - 0x000000006f9da000 	C:\Program Files\Java\jdk1.8.0_101\jre\bin\net.dll
0x000007fefce90000 - 0x000007fefce97000 	C:\Windows\System32\wship6.dll
0x000000006f780000 - 0x000000006f791000 	C:\Program Files\Java\jdk1.8.0_101\jre\bin\nio.dll
0x0000000074f60000 - 0x0000000074f6d000 	C:\Program Files\Java\jdk1.8.0_101\jre\bin\management.dll
0x000007fefcd20000 - 0x000007fefcd7b000 	C:\Windows\system32\DNSAPI.dll
0x0000000073280000 - 0x00000000732a6000 	C:\Program Files\Bonjour\mdnsNSP.dll
0x000007fefa6a0000 - 0x000007fefa6c7000 	C:\Windows\system32\Iphlpapi.DLL
0x000007fefa690000 - 0x000007fefa69b000 	C:\Windows\system32\WINNSI.DLL
0x000007feeff00000 - 0x000007feeff08000 	C:\Windows\system32\rasadhlp.dll
0x000007fefa540000 - 0x000007fefa593000 	C:\Windows\System32\fwpuclnt.dll
0x0000000066b60000 - 0x0000000066cf8000 	C:\Program Files\Java\jdk1.8.0_101\jre\bin\awt.dll
0x000007feff9d0000 - 0x000007feffaab000 	C:\Windows\system32\OLEAUT32.dll
0x000007fefbe20000 - 0x000007fefbe35000 	C:\Windows\system32\NLAapi.dll
0x000007fef6030000 - 0x000007fef6045000 	C:\Windows\system32\napinsp.dll
0x000007fef6010000 - 0x000007fef6029000 	C:\Windows\system32\pnrpnsp.dll
0x000007fef6000000 - 0x000007fef6010000 	C:\Windows\system32\wshbth.dll
0x000007fef5ff0000 - 0x000007fef5ffb000 	C:\Windows\System32\winrnr.dll
0x000007fefcf00000 - 0x000007fefcf18000 	C:\Windows\system32\CRYPTSP.dll
0x000007fefcc00000 - 0x000007fefcc47000 	C:\Windows\system32\rsaenh.dll
0x000007fefda40000 - 0x000007fefda5f000 	C:\Windows\system32\USERENV.dll
0x000007fefd5c0000 - 0x000007fefd5cf000 	C:\Windows\system32\CRYPTBASE.dll
0x000007fefa4a0000 - 0x000007fefa4b8000 	C:\Windows\system32\dhcpcsvc.DLL
0x000007fefa480000 - 0x000007fefa491000 	C:\Windows\system32\dhcpcsvc6.DLL
0x000007fef8180000 - 0x000007fef82a5000 	C:\Windows\system32\dbghelp.dll

VM Arguments:
jvm_args: -Xmx768m -XX:MaxPermSize=512m -agentlib:jdwp=transport=dt_socket,server=y,suspend=n,address=1044 -Dclassworlds.conf=C:\opt\apache-maven-3.6.1\bin\..\bin\m2.conf -Dmaven.home=C:\opt\apache-maven-3.6.1\bin\.. -Dlibrary.jansi.path=C:\opt\apache-maven-3.6.1\bin\..\lib\jansi-native -Dmaven.multiModuleProjectDirectory=F:\Projects\hydra-web 
java_command: org.codehaus.plexus.classworlds.launcher.Launcher -B -V -D maven.repo.local=C:\Users\Nabil shafi\.m2\repository -D port=8080 -D serverId=hydra org.openmrs.maven.plugins:openmrs-sdk-maven-plugin:3.13.2:run-tomcat
java_class_path (initial): C:\opt\apache-maven-3.6.1\bin\..\boot\plexus-classworlds-2.6.0.jar
Launcher Type: SUN_STANDARD

Environment Variables:
JAVA_HOME=C:\Program Files\Java\jdk1.8.0_101
PATH=C:\Program Files (x86)\Common Files\Oracle\Java\javapath;C:\ProgramData\Oracle\Java\javapath;C:\Windows\system32;C:\Windows;C:\Windows\System32\Wbem;C:\Windows\System32\WindowsPowerShell\v1.0\;C:\Program Files\Intel\WiFi\bin\;C:\Program Files\Common Files\Intel\WirelessCommon\;C:\Program Files (x86)\AMD\ATI.ACE\Core-Static;C:\Program Files (x86)\Bitvise SSH Client;C:\Program Files\Git\cmd;C:\Program Files (x86)\Skype\Phone\;C:\Program Files\PuTTY\;C:\Program Files\nodejs\;C:\opt\apache-maven-3.6.1\bin;%JAVA_HOME%\bin;C:\Users\Nabil shafi\AppData\Local\Programs\Python\Python36-32\Scripts\;C:\Users\Nabil shafi\AppData\Local\Programs\Python\Python36-32\;CATALINA_HOME=F:\apache-tomcat-8.0.9-windows-x64\apache-tomcat-8.0.9\bin;%CATALINA_HOME%\bin;C:\Users\Nabil shafi\AppData\Roaming\npm;C:\Users\Nabil shafi\AppData\Local\atom\bin;C:\Users\Nabil shafi\AppData\Local\Programs\EmEditor;C:\Users\Nabil shafi\AppData\Local\Programs\Microsoft VS Code\bin;C:\Program Files\Java\jdk1.8.0_101\bin
USERNAME=Nabil shafi
OS=Windows_NT
PROCESSOR_IDENTIFIER=Intel64 Family 6 Model 78 Stepping 3, GenuineIntel



---------------  S Y S T E M  ---------------

OS: Windows 7 , 64 bit Build 7601 (6.1.7601.24499)

CPU:total 4 (2 cores per cpu, 2 threads per core) family 6 model 78 stepping 3, cmov, cx8, fxsr, mmx, sse, sse2, sse3, ssse3, sse4.1, sse4.2, popcnt, avx, avx2, aes, clmul, erms, 3dnowpref, lzcnt, ht, tsc, tscinvbit, bmi1, bmi2, adx

Memory: 4k page, physical 7655164k(1165344k free), swap 15748120k(2207800k free)

vm_info: Java HotSpot(TM) 64-Bit Server VM (25.101-b13) for windows-amd64 JRE (1.8.0_101-b13), built on Jun 22 2016 01:21:29 by "java_re" with MS VC++ 10.0 (VS2010)

time: Sun Jul 28 13:24:49 2019
elapsed time: 160232 seconds (1d 20h 30m 32s)

